have_library: checking for main() in -lc... -------------------- no

"gcc -o conftest.exe -IC:/smalruby_216/Ruby216_32/include/ruby-2.1.0/i386-mingw32 -IC:/smalruby_216/Ruby216_32/include/ruby-2.1.0/ruby/backward -IC:/smalruby_216/Ruby216_32/include/ruby-2.1.0 -I. -DFD_SETSIZE=2048 -D_WIN32_WINNT=0x0501 -D__MINGW_USE_VC2005_COMPAT -D_FILE_OFFSET_BITS=64   -O3 -fno-omit-frame-pointer -fno-fast-math -g -Wall -Wextra -Wno-unused-parameter -Wno-parentheses -Wno-long-long -Wno-missing-field-initializers -Wunused-variable -Wpointer-arith -Wwrite-strings -Wdeclaration-after-statement -Wimplicit-function-declaration  conftest.c  -L. -LC:/smalruby_216/Ruby216_32/lib -L.      -lmsvcrt-ruby210  -lshell32 -lws2_32 -liphlpapi -limagehlp -lshlwapi  "
checked program was:
/* begin */
1: #include "ruby.h"
2: 
3: #include <winsock2.h>
4: #include <windows.h>
5: int main(int argc, char **argv)
6: {
7:   return 0;
8: }
/* end */

"gcc -o conftest.exe -IC:/smalruby_216/Ruby216_32/include/ruby-2.1.0/i386-mingw32 -IC:/smalruby_216/Ruby216_32/include/ruby-2.1.0/ruby/backward -IC:/smalruby_216/Ruby216_32/include/ruby-2.1.0 -I. -DFD_SETSIZE=2048 -D_WIN32_WINNT=0x0501 -D__MINGW_USE_VC2005_COMPAT -D_FILE_OFFSET_BITS=64   -O3 -fno-omit-frame-pointer -fno-fast-math -g -Wall -Wextra -Wno-unused-parameter -Wno-parentheses -Wno-long-long -Wno-missing-field-initializers -Wunused-variable -Wpointer-arith -Wwrite-strings -Wdeclaration-after-statement -Wimplicit-function-declaration  conftest.c  -L. -LC:/smalruby_216/Ruby216_32/lib -L.      -lmsvcrt-ruby210 -lc  -lshell32 -lws2_32 -liphlpapi -limagehlp -lshlwapi  "
conftest.c: In function 't':
conftest.c:16:32: warning: variable 'p' set but not used [-Wunused-but-set-variable]
c:/smalruby_216/devkit200_32/mingw/bin/../lib/gcc/i686-w64-mingw32/4.7.2/../../../../i686-w64-mingw32/bin/ld.exe: cannot find -lc
collect2.exe: error: ld returned 1 exit status
checked program was:
/* begin */
 1: #include "ruby.h"
 2: 
 3: #include <winsock2.h>
 4: #include <windows.h>
 5: 
 6: /*top*/
 7: extern int t(void);
 8: int main(int argc, char **argv)
 9: {
10:   if (argc > 1000000) {
11:     printf("%p", &t);
12:   }
13: 
14:   return 0;
15: }
16: int t(void) { void ((*volatile p)()); p = (void ((*)()))main; return 0; }
/* end */

"gcc -o conftest.exe -IC:/smalruby_216/Ruby216_32/include/ruby-2.1.0/i386-mingw32 -IC:/smalruby_216/Ruby216_32/include/ruby-2.1.0/ruby/backward -IC:/smalruby_216/Ruby216_32/include/ruby-2.1.0 -I. -DFD_SETSIZE=2048 -D_WIN32_WINNT=0x0501 -D__MINGW_USE_VC2005_COMPAT -D_FILE_OFFSET_BITS=64   -O3 -fno-omit-frame-pointer -fno-fast-math -g -Wall -Wextra -Wno-unused-parameter -Wno-parentheses -Wno-long-long -Wno-missing-field-initializers -Wunused-variable -Wpointer-arith -Wwrite-strings -Wdeclaration-after-statement -Wimplicit-function-declaration  conftest.c  -L. -LC:/smalruby_216/Ruby216_32/lib -L.      -lmsvcrt-ruby210 -lc  -lshell32 -lws2_32 -liphlpapi -limagehlp -lshlwapi  "
conftest.c: In function 't':
conftest.c:16:1: error: too few arguments to function 'main'
conftest.c:8:5: note: declared here
checked program was:
/* begin */
 1: #include "ruby.h"
 2: 
 3: #include <winsock2.h>
 4: #include <windows.h>
 5: 
 6: /*top*/
 7: extern int t(void);
 8: int main(int argc, char **argv)
 9: {
10:   if (argc > 1000000) {
11:     printf("%p", &t);
12:   }
13: 
14:   return 0;
15: }
16: int t(void) { main(); return 0; }
/* end */

--------------------

